#
# There is insufficient memory for the Java Runtime Environment to continue.
# Native memory allocation (mmap) failed to map 130023424 bytes for G1 virtual space
# Possible reasons:
#   The system is out of physical RAM or swap space
#   The process is running with CompressedOops enabled, and the Java Heap may be blocking the growth of the native heap
# Possible solutions:
#   Reduce memory load on the system
#   Increase physical memory or swap space
#   Check if swap backing store is full
#   Decrease Java heap size (-Xmx/-Xms)
#   Decrease number of Java threads
#   Decrease Java thread stack sizes (-Xss)
#   Set larger code cache with -XX:ReservedCodeCacheSize=
#   JVM is running with Unscaled Compressed Oops mode in which the Java heap is
#     placed in the first 4GB address space. The Java Heap base address is the
#     maximum limit for the native heap growth. Please use -XX:HeapBaseMinAddress
#     to set the Java Heap base and to place the Java Heap above 4GB virtual address.
# This output file may be truncated or incomplete.
#
#  Out of Memory Error (os_windows.cpp:3466), pid=35996, tid=24216
#
# JRE version:  (16.0.2+7) (build )
# Java VM: Java HotSpot(TM) 64-Bit Server VM (16.0.2+7-67, mixed mode, sharing, tiered, compressed oops, compressed class ptrs, g1 gc, windows-amd64)
# No core dump will be written. Minidumps are not enabled by default on client versions of Windows
#

---------------  S U M M A R Y ------------

Command Line: -Dfile.encoding=UTF-8 --module-path=C:\Users\Chandana.P\OneDrive\Documents\NetBeansProjects\RailwayManagementSystem\build\classes railwaymanagementsystem.Railway

Host: 11th Gen Intel(R) Core(TM) i5-1135G7 @ 2.40GHz, 8 cores, 7G,  Windows 10 , 64 bit Build 19041 (10.0.19041.1202)
Time: Wed Nov  3 22:29:14 2021 India Standard Time elapsed time: 0.028389 seconds (0d 0h 0m 0s)

---------------  T H R E A D  ---------------

Current thread (0x0000028ef16d5aa0):  JavaThread "Unknown thread" [_thread_in_vm, id=24216, stack(0x000000fb2bc00000,0x000000fb2bd00000)]

Stack: [0x000000fb2bc00000,0x000000fb2bd00000]
Native frames: (J=compiled Java code, j=interpreted, Vv=VM code, C=native code)
V  [jvm.dll+0x6681ca]
V  [jvm.dll+0x7c9e69]
V  [jvm.dll+0x7cb61e]
V  [jvm.dll+0x7cbc73]
V  [jvm.dll+0x242c55]
V  [jvm.dll+0x664f89]
V  [jvm.dll+0x659b75]
V  [jvm.dll+0x2fbfbb]
V  [jvm.dll+0x3031b6]
V  [jvm.dll+0x35299e]
V  [jvm.dll+0x352bcf]
V  [jvm.dll+0x2d3028]
V  [jvm.dll+0x2d4264]
V  [jvm.dll+0x79c741]
V  [jvm.dll+0x360791]
V  [jvm.dll+0x77a3f0]
V  [jvm.dll+0x3e4e8f]
V  [jvm.dll+0x3e6961]
C  [jli.dll+0x52fb]
C  [ucrtbase.dll+0x21bb2]
C  [KERNEL32.DLL+0x17034]
C  [ntdll.dll+0x52651]


---------------  P R O C E S S  ---------------

Threads class SMR info:
_java_thread_list=0x00007ffb10bfcbb8, length=0, elements={
}

Java Threads: ( => current thread )

Other Threads:
  0x0000028ef17158d0 GCTaskThread "GC Thread#0" [stack: 0x000000fb2bd00000,0x000000fb2be00000] [id=35208]
  0x0000028ef17294d0 ConcurrentGCThread "G1 Main Marker" [stack: 0x000000fb2be00000,0x000000fb2bf00000] [id=27864]
  0x0000028ef172a6e0 ConcurrentGCThread "G1 Conc#0" [stack: 0x000000fb2bf00000,0x000000fb2c000000] [id=36344]

[error occurred during error reporting (printing all threads), id 0xc0000005, EXCEPTION_ACCESS_VIOLATION (0xc0000005) at pc=0x00007ffb103d3ee7]

VM state: not at safepoint (not fully initialized)

VM Mutex/Monitor currently owned by a thread:  ([mutex/lock_event])
[0x0000028ef16d2970] Heap_lock - owner thread: 0x0000028ef16d5aa0

Heap address: 0x0000000084400000, size: 1980 MB, Compressed Oops mode: 32-bit

CDS archive(s) mapped at: [0x0000000000000000-0x0000000000000000-0x0000000000000000), size 0, SharedBaseAddress: 0x0000000800000000, ArchiveRelocationMode: 0.
Narrow klass base: 0x0000000000000000, Narrow klass shift: 0, Narrow klass range: 0x0

GC Precious Log:
<Empty>

Heap:
 garbage-first heap   total 0K, used 0K [0x0000000084400000, 0x0000000100000000)
  region size 1024K, 0 young (0K), 0 survivors (0K)

[error occurred during error reporting (printing heap information), id 0xc0000005, EXCEPTION_ACCESS_VIOLATION (0xc0000005) at pc=0x00007ffb107b1eed]

GC Heap History (0 events):
No events

Deoptimization events (0 events):
No events

Classes unloaded (0 events):
No events

Classes redefined (0 events):
No events

Internal exceptions (0 events):
No events

Events (1 events):
Event: 0.018 Loaded shared library C:\Program Files\Java\jdk-16.0.2\bin\java.dll


Dynamic libraries:
0x00007ff74b670000 - 0x00007ff74b680000 	C:\Program Files\Java\jdk-16.0.2\bin\java.exe
0x00007ffb6eb10000 - 0x00007ffb6ed05000 	C:\Windows\SYSTEM32\ntdll.dll
0x00007ffb6e960000 - 0x00007ffb6ea1e000 	C:\Windows\System32\KERNEL32.DLL
0x00007ffb6c840000 - 0x00007ffb6cb09000 	C:\Windows\System32\KERNELBASE.dll
0x00007ffb6c4a0000 - 0x00007ffb6c5a0000 	C:\Windows\System32\ucrtbase.dll
0x00007ffb66a40000 - 0x00007ffb66a59000 	C:\Program Files\Java\jdk-16.0.2\bin\VCRUNTIME140.dll
0x00007ffb5f260000 - 0x00007ffb5f278000 	C:\Program Files\Java\jdk-16.0.2\bin\jli.dll
0x00007ffb6cd30000 - 0x00007ffb6cddc000 	C:\Windows\System32\ADVAPI32.dll
0x00007ffb6d1c0000 - 0x00007ffb6d25e000 	C:\Windows\System32\msvcrt.dll
0x00007ffb6cb60000 - 0x00007ffb6cbfb000 	C:\Windows\System32\sechost.dll
0x00007ffb6cc00000 - 0x00007ffb6cd2a000 	C:\Windows\System32\RPCRT4.dll
0x00007ffb6d840000 - 0x00007ffb6d9e1000 	C:\Windows\System32\USER32.dll
0x00007ffb6c230000 - 0x00007ffb6c252000 	C:\Windows\System32\win32u.dll
0x00007ffb58740000 - 0x00007ffb589da000 	C:\Windows\WinSxS\amd64_microsoft.windows.common-controls_6595b64144ccf1df_6.0.19041.1110_none_60b5254171f9507e\COMCTL32.dll
0x00007ffb6d9f0000 - 0x00007ffb6da1b000 	C:\Windows\System32\GDI32.dll
0x00007ffb6c390000 - 0x00007ffb6c49b000 	C:\Windows\System32\gdi32full.dll
0x00007ffb6c290000 - 0x00007ffb6c32d000 	C:\Windows\System32\msvcp_win.dll
0x00007ffb64ca0000 - 0x00007ffb64caa000 	C:\Windows\SYSTEM32\VERSION.dll
0x00007ffb6ea20000 - 0x00007ffb6ea50000 	C:\Windows\System32\IMM32.DLL
0x00007ffb65f00000 - 0x00007ffb65f0c000 	C:\Program Files\Java\jdk-16.0.2\bin\vcruntime140_1.dll
0x00007ffb1bf60000 - 0x00007ffb1bff1000 	C:\Program Files\Java\jdk-16.0.2\bin\msvcp140.dll
0x00007ffb100f0000 - 0x00007ffb10c9b000 	C:\Program Files\Java\jdk-16.0.2\bin\server\jvm.dll
0x00007ffb6d340000 - 0x00007ffb6d348000 	C:\Windows\System32\PSAPI.DLL
0x00007ffb67d30000 - 0x00007ffb67d39000 	C:\Windows\SYSTEM32\WSOCK32.dll
0x00007ffb6d0f0000 - 0x00007ffb6d15b000 	C:\Windows\System32\WS2_32.dll
0x00007ffb57370000 - 0x00007ffb57397000 	C:\Windows\SYSTEM32\WINMM.dll
0x00007ffb6aab0000 - 0x00007ffb6aac2000 	C:\Windows\SYSTEM32\kernel.appcore.dll
0x00007ffb65c00000 - 0x00007ffb65c0a000 	C:\Program Files\Java\jdk-16.0.2\bin\jimage.dll
0x00007ffb69ea0000 - 0x00007ffb6a084000 	C:\Windows\SYSTEM32\DBGHELP.DLL
0x00007ffb50970000 - 0x00007ffb5099c000 	C:\Windows\SYSTEM32\dbgcore.DLL
0x00007ffb6c5a0000 - 0x00007ffb6c623000 	C:\Windows\System32\bcryptPrimitives.dll
0x00007ffb41920000 - 0x00007ffb41945000 	C:\Program Files\Java\jdk-16.0.2\bin\java.dll

dbghelp: loaded successfully - version: 4.0.5 - missing functions: none
symbol engine: initialized successfully - sym options: 0x614 - pdb path: .;C:\Program Files\Java\jdk-16.0.2\bin;C:\Windows\SYSTEM32;C:\Windows\WinSxS\amd64_microsoft.windows.common-controls_6595b64144ccf1df_6.0.19041.1110_none_60b5254171f9507e;C:\Program Files\Java\jdk-16.0.2\bin\server

VM Arguments:
jvm_args: -Dfile.encoding=UTF-8 --module-path=C:\Users\Chandana.P\OneDrive\Documents\NetBeansProjects\RailwayManagementSystem\build\classes 
java_command: railwaymanagementsystem.Railway
java_class_path (initial): C:\Users\Chandana.P\Downloads\rs2xml.jar;C:\Users\Chandana.P\Downloads\mysql-connector-java-8.0.27\mysql-connector-java-8.0.27\mysql-connector-java-8.0.27.jar;C:\Users\Chandana.P\OneDrive\Documents\NetBeansProjects\RailwayManagementSystem\build\classes
Launcher Type: SUN_STANDARD

[Global flags]
     intx CICompilerCount                          = 4                                         {product} {ergonomic}
     uint ConcGCThreads                            = 2                                         {product} {ergonomic}
     uint G1ConcRefinementThreads                  = 8                                         {product} {ergonomic}
   size_t G1HeapRegionSize                         = 1048576                                   {product} {ergonomic}
    uintx GCDrainStackTargetSize                   = 64                                        {product} {ergonomic}
   size_t InitialHeapSize                          = 130023424                                 {product} {ergonomic}
   size_t MarkStackSize                            = 4194304                                   {product} {ergonomic}
   size_t MaxHeapSize                              = 2076180480                                {product} {ergonomic}
   size_t MinHeapDeltaBytes                        = 1048576                                   {product} {ergonomic}
   size_t MinHeapSize                              = 8388608                                   {product} {ergonomic}
    uintx NonNMethodCodeHeapSize                   = 5839372                                {pd product} {ergonomic}
    uintx NonProfiledCodeHeapSize                  = 122909434                              {pd product} {ergonomic}
    uintx ProfiledCodeHeapSize                     = 122909434                              {pd product} {ergonomic}
    uintx ReservedCodeCacheSize                    = 251658240                              {pd product} {ergonomic}
     bool SegmentedCodeCache                       = true                                      {product} {ergonomic}
   size_t SoftMaxHeapSize                          = 2076180480                             {manageable} {ergonomic}
     bool UseCompressedClassPointers               = true                           {product lp64_product} {ergonomic}
     bool UseCompressedOops                        = true                           {product lp64_product} {ergonomic}
     bool UseG1GC                                  = true                                      {product} {ergonomic}
     bool UseLargePagesIndividualAllocation        = false                                  {pd product} {ergonomic}

Logging:
Log output configuration:
 #0: stdout all=warning uptime,level,tags
 #1: stderr all=off uptime,level,tags

Environment Variables:
JAVA_HOME=C:\Program Files\Java\jdk-16.0.2
PATH=C:\Program Files\MySQL\MySQL Server 8.0\bin;C:\Program Files\MySQL\MySQL Shell 8.0\bin\;C:\Users\Chandana.P\AppData\Local\Microsoft\WindowsApps;C:\Users\Chandana.P\AppData\Local\Programs\Microsoft VS Code\bin
USERNAME=Chandana.P
OS=Windows_NT
PROCESSOR_IDENTIFIER=Intel64 Family 6 Model 140 Stepping 1, GenuineIntel



---------------  S Y S T E M  ---------------

OS:
 Windows 10 , 64 bit Build 19041 (10.0.19041.1202)
OS uptime: 13 days 6:41 hours

CPU: total 8 (initial active 8) (4 cores per cpu, 2 threads per core) family 6 model 140 stepping 1 microcode 0x86, cx8, cmov, fxsr, ht, mmx, 3dnowpref, sse, sse2, sse3, ssse3, sse4.1, sse4.2, popcnt, lzcnt, tsc, tscinvbit, avx, avx2, aes, erms, clmul, bmi1, bmi2, adx, avx512f, avx512dq, avx512cd, avx512bw, avx512vl, sha, fma, vzeroupper, avx512_vpopcntdq, avx512_vpclmulqdq, avx512_vaes, avx512_vnni, clflush, clflushopt, clwb, avx512_vmbi2, avx512_vmbi

Memory: 4k page, system-wide physical 7914M (712M free)
TotalPageFile size 32490M (AvailPageFile size 92M)
current process WorkingSet (physical memory assigned to process): 10M, peak: 10M
current process commit charge ("private bytes"): 60M, peak: 183M

vm_info: Java HotSpot(TM) 64-Bit Server VM (16.0.2+7-67) for windows-amd64 JRE (16.0.2+7-67), built on Jun  8 2021 23:24:19 by "mach5one" with MS VC++ 16.7 (VS2019)

END.
